<?xml version="1.0" encoding="UTF-8"?>
<!-- Generated by org.testng.reporters.JUnitXMLReporter -->
<testsuite ignored="1" hostname="DESKTOP-9VD0F2C" failures="4" tests="6" name="Test" time="40.782" errors="0" timestamp="2024-06-25T11:38:53 IST">
  <testcase classname="com.java.TestNG.Grouping" name="printTitle" time="2.586"/>
  <testcase classname="com.java.TestNG.Grouping" name="printUrl" time="0.05"/>
  <testcase classname="com.java.TestNG.Grouping" name="verifyElementsStatus" time="0.006">
    <failure type="java.lang.NullPointerException" message="Cannot invoke &amp;quot;org.openqa.selenium.WebElement.isDisplayed()&amp;quot; because &amp;quot;this.emailField&amp;quot; is null">
      <![CDATA[java.lang.NullPointerException: Cannot invoke "org.openqa.selenium.WebElement.isDisplayed()" because "this.emailField" is null
at com.java.TestNG.Grouping.verifyElementsStatus(Grouping.java:57)
at java.base/java.util.ArrayList.forEach(ArrayList.java:1511)
... Removed 27 stack frames]]>
    </failure>
  </testcase> <!-- verifyElementsStatus -->
  <testcase classname="com.java.TestNG.Grouping" name="printTagNameOfElements" time="0.004">
    <failure type="java.lang.NullPointerException" message="Cannot invoke &amp;quot;org.openqa.selenium.WebElement.getTagName()&amp;quot; because &amp;quot;this.emailField&amp;quot; is null">
      <![CDATA[java.lang.NullPointerException: Cannot invoke "org.openqa.selenium.WebElement.getTagName()" because "this.emailField" is null
at com.java.TestNG.Grouping.printTagNameOfElements(Grouping.java:79)
at java.base/java.util.ArrayList.forEach(ArrayList.java:1511)
... Removed 27 stack frames]]>
    </failure>
  </testcase> <!-- printTagNameOfElements -->
  <testcase classname="com.java.TestNG.Grouping" name="printAttributesOfElements" time="0.005">
    <failure type="java.lang.NullPointerException" message="Cannot invoke &amp;quot;org.openqa.selenium.WebElement.getAttribute(String)&amp;quot; because &amp;quot;this.emailField&amp;quot; is null">
      <![CDATA[java.lang.NullPointerException: Cannot invoke "org.openqa.selenium.WebElement.getAttribute(String)" because "this.emailField" is null
at com.java.TestNG.Grouping.printAttributesOfElements(Grouping.java:89)
at java.base/java.util.ArrayList.forEach(ArrayList.java:1511)
... Removed 27 stack frames]]>
    </failure>
  </testcase> <!-- printAttributesOfElements -->
  <testcase classname="com.java.TestNG.Grouping" name="verifyLogin" time="0.008">
    <failure type="java.lang.NullPointerException" message="Cannot invoke &amp;quot;org.openqa.selenium.WebElement.sendKeys(java.lang.CharSequence[])&amp;quot; because &amp;quot;this.emailField&amp;quot; is null">
      <![CDATA[java.lang.NullPointerException: Cannot invoke "org.openqa.selenium.WebElement.sendKeys(java.lang.CharSequence[])" because "this.emailField" is null
at com.java.TestNG.Grouping.verifyLogin(Grouping.java:103)
at java.base/java.util.ArrayList.forEach(ArrayList.java:1511)
... Removed 27 stack frames]]>
    </failure>
  </testcase> <!-- verifyLogin -->
  <testcase classname="com.java.TestNG.Grouping" name="printTheValueOfElements" time="0.0">
    <ignored/>
  </testcase> <!-- printTheValueOfElements -->
</testsuite> <!-- Test -->
