<?xml version="1.0" encoding="UTF-8"?>
<!-- Generated by org.testng.reporters.JUnitXMLReporter -->
<testsuite ignored="3" hostname="DESKTOP-9VD0F2C" failures="0" tests="10" name="Test1" time="121.347" errors="0" timestamp="2024-06-21T10:45:07 IST">
  <testcase classname="com.java.TestNG.Class1" name="printURL" time="0.422"/>
  <testcase classname="com.java.TestNG.Class1" name="printLinksCount" time="0.31"/>
  <testcase classname="com.java.TestNG.Class1" name="printLinks" time="2.972"/>
  <testcase classname="com.java.TestNG.Class1" name="verfiyLogin" time="4.818"/>
  <testcase classname="com.java.TestNG.Class2" name="printTitle" time="5.095"/>
  <testcase classname="com.java.TestNG.Class2" name="printLinksCount" time="1.858"/>
  <testcase classname="com.java.TestNG.Class2" name="printLinks" time="2.276"/>
  <testcase classname="com.java.TestNG.Class3" name="printTitle" time="0.263"/>
  <testcase classname="com.java.TestNG.Class3" name="printURL" time="0.03"/>
  <testcase classname="com.java.TestNG.Class3" name="printLinksCount" time="0.809"/>
  <testcase classname="com.java.TestNG.Class1" name="printTitle" time="0.0">
    <ignored/>
  </testcase> <!-- printTitle -->
  <testcase classname="com.java.TestNG.Class2" name="printURL" time="0.0">
    <ignored/>
  </testcase> <!-- printURL -->
  <testcase classname="com.java.TestNG.Class3" name="printLinks" time="0.0">
    <ignored/>
  </testcase> <!-- printLinks -->
</testsuite> <!-- Test1 -->
