<?xml version="1.0" encoding="UTF-8"?>
<!-- Generated by org.testng.reporters.JUnitXMLReporter -->
<testsuite ignored="0" hostname="DESKTOP-9VD0F2C" failures="0" tests="13" name="Test2" time="116.915" errors="0" timestamp="2024-06-21T10:47:05 IST">
  <testcase classname="com.java.TestNG.Class1" name="printTitle" time="0.025"/>
  <testcase classname="com.java.TestNG.Class1" name="printURL" time="0.023"/>
  <testcase classname="com.java.TestNG.Class1" name="printLinksCount" time="0.05"/>
  <testcase classname="com.java.TestNG.Class1" name="printLinks" time="2.916"/>
  <testcase classname="com.java.TestNG.Class1" name="verfiyLogin" time="0.789"/>
  <testcase classname="com.java.TestNG.Class2" name="printTitle" time="0.569"/>
  <testcase classname="com.java.TestNG.Class2" name="printURL" time="0.084"/>
  <testcase classname="com.java.TestNG.Class2" name="printLinksCount" time="0.041"/>
  <testcase classname="com.java.TestNG.Class2" name="printLinks" time="1.049"/>
  <testcase classname="com.java.TestNG.Class3" name="printTitle" time="0.051"/>
  <testcase classname="com.java.TestNG.Class3" name="printURL" time="0.042"/>
  <testcase classname="com.java.TestNG.Class3" name="printLinksCount" time="2.966"/>
  <testcase classname="com.java.TestNG.Class3" name="printLinks" time="29.79"/>
</testsuite> <!-- Test2 -->
